Arguments: 
  /home/eleonore/.nvm/versions/node/v9.2.0/bin/node /home/eleonore/.nvm/versions/node/v9.2.0/bin/yarn install

PATH: 
  /home/eleonore/.nvm/versions/node/v9.2.0/bin:/home/eleonore/bin:/home/eleonore/.local/bin:/usr/local/sbin:/usr/local/bin:/usr/sbin:/usr/bin:/sbin:/bin:/usr/games:/usr/local/games:/snap/bin

Yarn version: 
  1.5.1

Node version: 
  9.2.0

Platform: 
  linux x64

npm manifest: 
  {
    "name": "cms",
    "version": "0.0.0",
    "private": true,
    "scripts": {
      "start": "node ./bin/www"
    },
    "dependencies": {
      "body-parser": "^1.18.2",
      "cookie-parser": "~1.4.3",
      "crypto": "^1.0.1",
      "debug": "~2.6.9",
      "express": "^4.15.5",
      "jade": "~1.11.0",
      "marked": "^0.3.9",
      "morgan": "^1.9.0",
      "multer": "^1.3.0",
      "sequelize": "^4.28.5",
      "serve-favicon": "~2.4.5",
      "sqlite3": "^3.1.13"
    }
  }

yarn manifest: 
  No manifest

Lockfile: 
  No lockfile

Trace: 
  Error: EROFS: read-only file system, symlink '../../../acorn/bin/acorn' -> '/media/sf_Frank/SuperCMSv2/node_modules/acorn-globals/node_modules/.bin/acorn'
